[2016-02-01 01:45:50,710: DEBUG/MainProcess] | Worker: Preparing bootsteps.
[2016-02-01 01:45:50,718: DEBUG/MainProcess] | Worker: Building graph...
[2016-02-01 01:45:50,718: DEBUG/MainProcess] | Worker: New boot order: {StateDB, Timer, Hub, Queues (intra), Pool, Autoscaler, Beat, Autoreloader, Consumer}
[2016-02-01 01:45:50,748: DEBUG/MainProcess] | Consumer: Preparing bootsteps.
[2016-02-01 01:45:50,748: DEBUG/MainProcess] | Consumer: Building graph...
[2016-02-01 01:45:50,753: DEBUG/MainProcess] | Consumer: New boot order: {Connection, Events, Mingle, Gossip, Tasks, Control, Heart, Agent, event loop}
[2016-02-01 01:45:50,770: DEBUG/MainProcess] | Worker: Starting Hub
[2016-02-01 01:45:50,770: DEBUG/MainProcess] ^-- substep ok
[2016-02-01 01:45:50,770: DEBUG/MainProcess] | Worker: Starting Pool
[2016-02-01 01:45:50,796: DEBUG/MainProcess] ^-- substep ok
[2016-02-01 01:45:50,797: DEBUG/MainProcess] | Worker: Starting Consumer
[2016-02-01 01:45:50,798: DEBUG/MainProcess] | Consumer: Starting Connection
[2016-02-01 01:45:50,848: DEBUG/MainProcess] Start from server, version: 0.9, properties: {u'information': u'Licensed under the MPL.  See http://www.rabbitmq.com/', u'product': u'RabbitMQ', u'copyright': u'Copyright (C) 2007-2015 Pivotal Software, Inc.', u'capabilities': {u'exchange_exchange_bindings': True, u'connection.blocked': True, u'authentication_failure_close': True, u'basic.nack': True, u'per_consumer_qos': True, u'consumer_priorities': True, u'consumer_cancel_notify': True, u'publisher_confirms': True}, u'cluster_name': u'rabbit@Daniels-MacBook-Air', u'platform': u'Erlang/OTP', u'version': u'3.6.0'}, mechanisms: [u'PLAIN', u'AMQPLAIN'], locales: [u'en_US']
[2016-02-01 01:45:50,850: DEBUG/MainProcess] Open OK!
[2016-02-01 01:45:50,851: INFO/MainProcess] Connected to amqp://guest:**@127.0.0.1:5672//
[2016-02-01 01:45:50,851: DEBUG/MainProcess] ^-- substep ok
[2016-02-01 01:45:50,851: DEBUG/MainProcess] | Consumer: Starting Events
[2016-02-01 01:45:50,865: DEBUG/MainProcess] Start from server, version: 0.9, properties: {u'information': u'Licensed under the MPL.  See http://www.rabbitmq.com/', u'product': u'RabbitMQ', u'copyright': u'Copyright (C) 2007-2015 Pivotal Software, Inc.', u'capabilities': {u'exchange_exchange_bindings': True, u'connection.blocked': True, u'authentication_failure_close': True, u'basic.nack': True, u'per_consumer_qos': True, u'consumer_priorities': True, u'consumer_cancel_notify': True, u'publisher_confirms': True}, u'cluster_name': u'rabbit@Daniels-MacBook-Air', u'platform': u'Erlang/OTP', u'version': u'3.6.0'}, mechanisms: [u'PLAIN', u'AMQPLAIN'], locales: [u'en_US']
[2016-02-01 01:45:50,867: DEBUG/MainProcess] Open OK!
[2016-02-01 01:45:50,868: DEBUG/MainProcess] using channel_id: 1
[2016-02-01 01:45:50,870: DEBUG/MainProcess] Channel open
[2016-02-01 01:45:50,871: DEBUG/MainProcess] ^-- substep ok
[2016-02-01 01:45:50,871: DEBUG/MainProcess] | Consumer: Starting Mingle
[2016-02-01 01:45:50,872: INFO/MainProcess] mingle: searching for neighbors
[2016-02-01 01:45:50,872: DEBUG/MainProcess] using channel_id: 1
[2016-02-01 01:45:50,874: DEBUG/MainProcess] Channel open
[2016-02-01 01:45:51,893: INFO/MainProcess] mingle: all alone
[2016-02-01 01:45:51,893: DEBUG/MainProcess] ^-- substep ok
[2016-02-01 01:45:51,893: DEBUG/MainProcess] | Consumer: Starting Gossip
[2016-02-01 01:45:51,894: DEBUG/MainProcess] using channel_id: 2
[2016-02-01 01:45:51,895: DEBUG/MainProcess] Channel open
[2016-02-01 01:45:51,901: DEBUG/MainProcess] ^-- substep ok
[2016-02-01 01:45:51,901: DEBUG/MainProcess] | Consumer: Starting Tasks
[2016-02-01 01:45:51,909: DEBUG/MainProcess] ^-- substep ok
[2016-02-01 01:45:51,909: DEBUG/MainProcess] | Consumer: Starting Control
[2016-02-01 01:45:51,909: DEBUG/MainProcess] using channel_id: 3
[2016-02-01 01:45:51,910: DEBUG/MainProcess] Channel open
[2016-02-01 01:45:51,915: DEBUG/MainProcess] ^-- substep ok
[2016-02-01 01:45:51,915: DEBUG/MainProcess] | Consumer: Starting Heart
[2016-02-01 01:45:51,917: DEBUG/MainProcess] ^-- substep ok
[2016-02-01 01:45:51,917: DEBUG/MainProcess] | Consumer: Starting event loop
[2016-02-01 01:45:51,919: WARNING/MainProcess] /Users/daniel/anaconda/envs/python2/lib/python2.7/site-packages/celery/fixups/django.py:265: UserWarning: Using settings.DEBUG leads to a memory leak, never use this setting in production environments!
  warnings.warn('Using settings.DEBUG leads to a memory leak, never '

[2016-02-01 01:45:51,919: WARNING/MainProcess] celery@Daniels-MacBook-Air.local ready.
[2016-02-01 01:45:51,920: DEBUG/MainProcess] | Worker: Hub.register Pool...
[2016-02-01 01:45:51,920: DEBUG/MainProcess] basic.qos: prefetch_count->16
[2016-02-01 01:46:22,343: DEBUG/MainProcess] | Worker: Closing Hub...
[2016-02-01 01:46:22,344: DEBUG/MainProcess] | Worker: Closing Pool...
[2016-02-01 01:46:22,344: DEBUG/MainProcess] | Worker: Closing Consumer...
[2016-02-01 01:46:22,345: DEBUG/MainProcess] | Worker: Stopping Consumer...
[2016-02-01 01:46:22,345: DEBUG/MainProcess] | Consumer: Closing Connection...
[2016-02-01 01:46:22,345: DEBUG/MainProcess] | Consumer: Closing Events...
[2016-02-01 01:46:22,345: DEBUG/MainProcess] | Consumer: Closing Mingle...
[2016-02-01 01:46:22,346: DEBUG/MainProcess] | Consumer: Closing Gossip...
[2016-02-01 01:46:22,346: DEBUG/MainProcess] | Consumer: Closing Tasks...
[2016-02-01 01:46:22,346: DEBUG/MainProcess] | Consumer: Closing Control...
[2016-02-01 01:46:22,346: DEBUG/MainProcess] | Consumer: Closing Heart...
[2016-02-01 01:46:22,347: DEBUG/MainProcess] | Consumer: Closing event loop...
[2016-02-01 01:46:22,347: DEBUG/MainProcess] | Consumer: Stopping event loop...
[2016-02-01 01:46:22,347: DEBUG/MainProcess] | Consumer: Stopping Heart...
[2016-02-01 01:46:22,348: DEBUG/MainProcess] | Consumer: Stopping Control...
[2016-02-01 01:46:22,352: DEBUG/MainProcess] Closed channel #3
[2016-02-01 01:46:22,352: DEBUG/MainProcess] | Consumer: Stopping Tasks...
[2016-02-01 01:46:22,353: DEBUG/MainProcess] Cancelling task consumer...
[2016-02-01 01:46:22,353: DEBUG/MainProcess] | Consumer: Stopping Gossip...
[2016-02-01 01:46:22,357: DEBUG/MainProcess] Closed channel #2
[2016-02-01 01:46:22,357: DEBUG/MainProcess] | Consumer: Stopping Mingle...
[2016-02-01 01:46:22,357: DEBUG/MainProcess] | Consumer: Stopping Events...
[2016-02-01 01:46:22,357: DEBUG/MainProcess] | Consumer: Stopping Connection...
[2016-02-01 01:46:22,358: DEBUG/MainProcess] | Worker: Stopping Pool...
[2016-02-01 01:46:23,363: DEBUG/MainProcess] | Worker: Stopping Hub...
[2016-02-01 01:46:23,364: DEBUG/MainProcess] | Consumer: Shutdown Heart...
[2016-02-01 01:46:23,364: DEBUG/MainProcess] | Consumer: Shutdown Control...
[2016-02-01 01:46:23,364: DEBUG/MainProcess] | Consumer: Shutdown Tasks...
[2016-02-01 01:46:23,364: DEBUG/MainProcess] Cancelling task consumer...
[2016-02-01 01:46:23,364: DEBUG/MainProcess] Closing consumer channel...
[2016-02-01 01:46:23,365: DEBUG/MainProcess] | Consumer: Shutdown Gossip...
[2016-02-01 01:46:23,365: DEBUG/MainProcess] | Consumer: Shutdown Events...
[2016-02-01 01:46:23,366: DEBUG/MainProcess] Closed channel #1
[2016-02-01 01:46:23,367: DEBUG/MainProcess] | Consumer: Shutdown Connection...
[2016-02-01 01:46:23,367: DEBUG/MainProcess] Closed channel #1
[2016-02-01 01:46:23,370: DEBUG/MainProcess] removing tasks from inqueue until task handler finished
[2016-02-01 01:46:29,549: DEBUG/MainProcess] | Worker: Preparing bootsteps.
[2016-02-01 01:46:29,556: DEBUG/MainProcess] | Worker: Building graph...
[2016-02-01 01:46:29,557: DEBUG/MainProcess] | Worker: New boot order: {Timer, Hub, Queues (intra), Pool, Autoreloader, Beat, Autoscaler, StateDB, Consumer}
[2016-02-01 01:46:29,592: DEBUG/MainProcess] | Consumer: Preparing bootsteps.
[2016-02-01 01:46:29,592: DEBUG/MainProcess] | Consumer: Building graph...
[2016-02-01 01:46:29,597: DEBUG/MainProcess] | Consumer: New boot order: {Connection, Events, Mingle, Gossip, Tasks, Control, Heart, Agent, event loop}
[2016-02-01 01:46:29,611: DEBUG/MainProcess] | Worker: Starting Hub
[2016-02-01 01:46:29,612: DEBUG/MainProcess] ^-- substep ok
[2016-02-01 01:46:29,612: DEBUG/MainProcess] | Worker: Starting Pool
[2016-02-01 01:46:29,628: DEBUG/MainProcess] ^-- substep ok
[2016-02-01 01:46:29,629: DEBUG/MainProcess] | Worker: Starting Beat
[2016-02-01 01:46:29,641: DEBUG/MainProcess] ^-- substep ok
[2016-02-01 01:46:29,643: DEBUG/MainProcess] | Worker: Starting Consumer
[2016-02-01 01:46:29,645: DEBUG/MainProcess] | Consumer: Starting Connection
[2016-02-01 01:46:29,661: INFO/Beat] beat: Starting...
[2016-02-01 01:46:29,687: DEBUG/MainProcess] Start from server, version: 0.9, properties: {u'information': u'Licensed under the MPL.  See http://www.rabbitmq.com/', u'product': u'RabbitMQ', u'copyright': u'Copyright (C) 2007-2015 Pivotal Software, Inc.', u'capabilities': {u'exchange_exchange_bindings': True, u'connection.blocked': True, u'authentication_failure_close': True, u'basic.nack': True, u'per_consumer_qos': True, u'consumer_priorities': True, u'consumer_cancel_notify': True, u'publisher_confirms': True}, u'cluster_name': u'rabbit@Daniels-MacBook-Air', u'platform': u'Erlang/OTP', u'version': u'3.6.0'}, mechanisms: [u'PLAIN', u'AMQPLAIN'], locales: [u'en_US']
[2016-02-01 01:46:29,688: DEBUG/MainProcess] Open OK!
[2016-02-01 01:46:29,689: INFO/MainProcess] Connected to amqp://guest:**@127.0.0.1:5672//
[2016-02-01 01:46:29,690: DEBUG/MainProcess] ^-- substep ok
[2016-02-01 01:46:29,690: DEBUG/MainProcess] | Consumer: Starting Events
[2016-02-01 01:46:29,701: DEBUG/Beat] Current schedule:
<Entry: celery.backend_cleanup celery.backend_cleanup() <crontab: 0 4 * * * (m/h/d/dM/MY)>
<Entry: add-every-30-seconds browser.tasks.add(16, 16) <freq: 30.00 seconds>
[2016-02-01 01:46:29,701: DEBUG/Beat] beat: Ticking with max interval->5.00 minutes
[2016-02-01 01:46:29,709: DEBUG/MainProcess] Start from server, version: 0.9, properties: {u'information': u'Licensed under the MPL.  See http://www.rabbitmq.com/', u'product': u'RabbitMQ', u'copyright': u'Copyright (C) 2007-2015 Pivotal Software, Inc.', u'capabilities': {u'exchange_exchange_bindings': True, u'connection.blocked': True, u'authentication_failure_close': True, u'basic.nack': True, u'per_consumer_qos': True, u'consumer_priorities': True, u'consumer_cancel_notify': True, u'publisher_confirms': True}, u'cluster_name': u'rabbit@Daniels-MacBook-Air', u'platform': u'Erlang/OTP', u'version': u'3.6.0'}, mechanisms: [u'PLAIN', u'AMQPLAIN'], locales: [u'en_US']
[2016-02-01 01:46:29,710: DEBUG/MainProcess] Open OK!
[2016-02-01 01:46:29,711: DEBUG/MainProcess] using channel_id: 1
[2016-02-01 01:46:29,712: DEBUG/MainProcess] Channel open
[2016-02-01 01:46:29,713: DEBUG/MainProcess] ^-- substep ok
[2016-02-01 01:46:29,713: DEBUG/MainProcess] | Consumer: Starting Mingle
[2016-02-01 01:46:29,714: INFO/MainProcess] mingle: searching for neighbors
[2016-02-01 01:46:29,714: DEBUG/MainProcess] using channel_id: 1
[2016-02-01 01:46:29,716: DEBUG/MainProcess] Channel open
[2016-02-01 01:46:29,726: DEBUG/Beat] Start from server, version: 0.9, properties: {u'information': u'Licensed under the MPL.  See http://www.rabbitmq.com/', u'product': u'RabbitMQ', u'copyright': u'Copyright (C) 2007-2015 Pivotal Software, Inc.', u'capabilities': {u'exchange_exchange_bindings': True, u'connection.blocked': True, u'authentication_failure_close': True, u'basic.nack': True, u'per_consumer_qos': True, u'consumer_priorities': True, u'consumer_cancel_notify': True, u'publisher_confirms': True}, u'cluster_name': u'rabbit@Daniels-MacBook-Air', u'platform': u'Erlang/OTP', u'version': u'3.6.0'}, mechanisms: [u'PLAIN', u'AMQPLAIN'], locales: [u'en_US']
[2016-02-01 01:46:29,728: DEBUG/Beat] Open OK!
[2016-02-01 01:46:29,783: DEBUG/Beat] beat: Waking up in 29.90 seconds.
[2016-02-01 01:46:30,737: INFO/MainProcess] mingle: all alone
[2016-02-01 01:46:30,738: DEBUG/MainProcess] ^-- substep ok
[2016-02-01 01:46:30,738: DEBUG/MainProcess] | Consumer: Starting Gossip
[2016-02-01 01:46:30,738: DEBUG/MainProcess] using channel_id: 2
[2016-02-01 01:46:30,740: DEBUG/MainProcess] Channel open
[2016-02-01 01:46:30,747: DEBUG/MainProcess] ^-- substep ok
[2016-02-01 01:46:30,747: DEBUG/MainProcess] | Consumer: Starting Tasks
[2016-02-01 01:46:30,757: DEBUG/MainProcess] ^-- substep ok
[2016-02-01 01:46:30,757: DEBUG/MainProcess] | Consumer: Starting Control
[2016-02-01 01:46:30,757: DEBUG/MainProcess] using channel_id: 3
[2016-02-01 01:46:30,759: DEBUG/MainProcess] Channel open
[2016-02-01 01:46:30,763: DEBUG/MainProcess] ^-- substep ok
[2016-02-01 01:46:30,763: DEBUG/MainProcess] | Consumer: Starting Heart
[2016-02-01 01:46:30,765: DEBUG/MainProcess] ^-- substep ok
[2016-02-01 01:46:30,765: DEBUG/MainProcess] | Consumer: Starting event loop
[2016-02-01 01:46:30,767: WARNING/MainProcess] /Users/daniel/anaconda/envs/python2/lib/python2.7/site-packages/celery/fixups/django.py:265: UserWarning: Using settings.DEBUG leads to a memory leak, never use this setting in production environments!
  warnings.warn('Using settings.DEBUG leads to a memory leak, never '

[2016-02-01 01:46:30,768: WARNING/MainProcess] celery@Daniels-MacBook-Air.local ready.
[2016-02-01 01:46:30,768: DEBUG/MainProcess] | Worker: Hub.register Pool...
[2016-02-01 01:46:30,769: DEBUG/MainProcess] basic.qos: prefetch_count->16
[2016-02-01 01:46:40,879: DEBUG/MainProcess] | Worker: Closing Hub...
[2016-02-01 01:46:40,880: DEBUG/MainProcess] | Worker: Closing Pool...
[2016-02-01 01:46:40,880: DEBUG/MainProcess] | Worker: Closing Beat...
[2016-02-01 01:46:40,881: DEBUG/MainProcess] | Worker: Closing Consumer...
[2016-02-01 01:46:40,881: DEBUG/MainProcess] | Worker: Stopping Consumer...
[2016-02-01 01:46:40,881: DEBUG/MainProcess] | Consumer: Closing Connection...
[2016-02-01 01:46:40,881: DEBUG/MainProcess] | Consumer: Closing Events...
[2016-02-01 01:46:40,882: DEBUG/MainProcess] | Consumer: Closing Mingle...
[2016-02-01 01:46:40,882: DEBUG/MainProcess] | Consumer: Closing Gossip...
[2016-02-01 01:46:40,882: DEBUG/MainProcess] | Consumer: Closing Tasks...
[2016-02-01 01:46:40,883: DEBUG/MainProcess] | Consumer: Closing Control...
[2016-02-01 01:46:40,883: DEBUG/MainProcess] | Consumer: Closing Heart...
[2016-02-01 01:46:40,883: DEBUG/MainProcess] | Consumer: Closing event loop...
[2016-02-01 01:46:40,884: DEBUG/MainProcess] | Consumer: Stopping event loop...
[2016-02-01 01:46:40,884: DEBUG/MainProcess] | Consumer: Stopping Heart...
[2016-02-01 01:46:40,885: DEBUG/MainProcess] | Consumer: Stopping Control...
[2016-02-01 01:46:40,891: DEBUG/MainProcess] Closed channel #3
[2016-02-01 01:46:40,891: DEBUG/MainProcess] | Consumer: Stopping Tasks...
[2016-02-01 01:46:40,891: DEBUG/MainProcess] Cancelling task consumer...
[2016-02-01 01:46:40,892: DEBUG/MainProcess] | Consumer: Stopping Gossip...
[2016-02-01 01:46:40,896: DEBUG/MainProcess] Closed channel #2
[2016-02-01 01:46:40,896: DEBUG/MainProcess] | Consumer: Stopping Mingle...
[2016-02-01 01:46:40,896: DEBUG/MainProcess] | Consumer: Stopping Events...
[2016-02-01 01:46:40,896: DEBUG/MainProcess] | Consumer: Stopping Connection...
[2016-02-01 01:46:40,897: DEBUG/MainProcess] | Worker: Stopping Beat...
[2016-02-01 01:46:40,897: INFO/MainProcess] beat: Shutting down...
[2016-02-01 01:46:40,897: DEBUG/MainProcess] | Worker: Stopping Pool...
[2016-02-01 01:46:41,904: DEBUG/MainProcess] | Worker: Stopping Hub...
[2016-02-01 01:46:41,905: DEBUG/MainProcess] | Consumer: Shutdown Heart...
[2016-02-01 01:46:41,905: DEBUG/MainProcess] | Consumer: Shutdown Control...
[2016-02-01 01:46:41,905: DEBUG/MainProcess] | Consumer: Shutdown Tasks...
[2016-02-01 01:46:41,905: DEBUG/MainProcess] Cancelling task consumer...
[2016-02-01 01:46:41,905: DEBUG/MainProcess] Closing consumer channel...
[2016-02-01 01:46:41,906: DEBUG/MainProcess] | Consumer: Shutdown Gossip...
[2016-02-01 01:46:41,906: DEBUG/MainProcess] | Consumer: Shutdown Events...
[2016-02-01 01:46:41,907: DEBUG/MainProcess] Closed channel #1
[2016-02-01 01:46:41,908: DEBUG/MainProcess] | Consumer: Shutdown Connection...
[2016-02-01 01:46:41,909: DEBUG/MainProcess] Closed channel #1
[2016-02-01 01:46:41,912: DEBUG/MainProcess] removing tasks from inqueue until task handler finished
